<?xml version="1.0" encoding="UTF-8"?>
<testsuite xmlns:xsi="http://www.w3.org/2001/XMLSchema-instance" xsi:noNamespaceSchemaLocation="https://maven.apache.org/surefire/maven-surefire-plugin/xsd/surefire-test-report-3.0.xsd" version="3.0" name="com.jakubrurak.pdfoperations.merge.PDFMergerHandlerTest" time="8.892" tests="2" errors="0" skipped="0" failures="0">
  <properties>
[...]
</properties>
  <testcase name="testMergePdfs" classname="com.jakubrurak.pdfoperations.merge.PDFMergerHandlerTest" time="7.576"/>
  <testcase name="testMergeThreePdfs" classname="com.jakubrurak.pdfoperations.merge.PDFMergerHandlerTest" time="1.272"/>
</testsuite>